[Info  - 9:06:27 AM] Initialising intelephense 1.5.4
[Info  - 9:06:27 AM] Initialised in 26 ms
[Warn  - 9:06:28 AM] file:///opt/lampp/htdocs/persediaan/vendor/tecnickcom/tcpdf/fonts/cid0cs.php is over the maximum file size of 1000000 bytes.
[Warn  - 9:06:28 AM] file:///opt/lampp/htdocs/persediaan/vendor/tecnickcom/tcpdf/fonts/cid0ct.php is over the maximum file size of 1000000 bytes.
[Warn  - 9:06:28 AM] file:///opt/lampp/htdocs/persediaan/vendor/tecnickcom/tcpdf/fonts/cid0jp.php is over the maximum file size of 1000000 bytes.
[Warn  - 9:06:28 AM] file:///opt/lampp/htdocs/persediaan/vendor/tecnickcom/tcpdf/fonts/cid0kr.php is over the maximum file size of 1000000 bytes.
[Info  - 9:06:28 AM] Indexing started.
[Info  - 9:06:50 AM] Indexing ended. 1365 files indexed in 22s.
[Info  - 9:06:50 AM] Writing state to /opt/lampp/htdocs/persediaan/~/.vscode-root/User/workspaceStorage/6ceda047732a57711c19439c609dfc11/bmewburn.vscode-intelephense-client/2f0c2893.
[Info  - 9:06:51 AM] Wrote state in 0.7s.
[Info  - 9:08:12 AM] Indexing started.
[Info  - 9:08:12 AM] Indexing ended. 1 files indexed in 0s.
[Info  - 9:08:37 AM] Indexing started.
[Info  - 9:08:37 AM] Indexing ended. 1 files indexed in 0s.
[Info  - 9:09:21 AM] Indexing started.
[Info  - 9:09:21 AM] Indexing ended. 1 files indexed in 0s.
[Info  - 9:11:08 AM] Indexing started.
[Info  - 9:11:08 AM] Indexing ended. 1 files indexed in 0s.
[Info  - 9:11:15 AM] Indexing started.
[Info  - 9:11:16 AM] Indexing ended. 1 files indexed in 0s.
[Info  - 9:12:34 AM] Indexing started.
[Info  - 9:12:34 AM] Indexing ended. 1 files indexed in 0s.
[Info  - 9:29:03 AM] Indexing started.
[Info  - 9:29:03 AM] Indexing ended. 1 files indexed in 0s.
[Info  - 9:30:51 AM] Indexing started.
[Info  - 9:30:52 AM] Indexing ended. 1 files indexed in 0s.
[Info  - 9:31:31 AM] Indexing started.
[Info  - 9:31:32 AM] Indexing ended. 1 files indexed in 0s.
[Info  - 9:31:48 AM] Indexing started.
[Info  - 9:31:48 AM] Indexing ended. 1 files indexed in 0s.
[Info  - 9:32:23 AM] Indexing started.
[Info  - 9:32:23 AM] Indexing ended. 1 files indexed in 0s.
[Info  - 9:32:41 AM] Indexing started.
[Info  - 9:32:41 AM] Indexing ended. 1 files indexed in 0s.
[Info  - 9:32:49 AM] Indexing started.
[Info  - 9:32:49 AM] Indexing ended. 1 files indexed in 0s.
[Info  - 9:34:48 AM] Indexing started.
[Info  - 9:34:48 AM] Indexing ended. 1 files indexed in 0s.
[Info  - 9:36:21 AM] Indexing started.
[Info  - 9:36:21 AM] Indexing ended. 1 files indexed in 0s.
[Info  - 9:37:17 AM] Indexing started.
[Info  - 9:37:17 AM] Indexing ended. 1 files indexed in 0s.
